<?xml version="1.0" encoding="UTF-8"?>
<testng-results ignored="0" total="3" passed="3" failed="0" skipped="0">
  <reporter-output>
  </reporter-output>
  <suite started-at="2024-07-20T20:01:14 IST" name="Suite" finished-at="2024-07-20T20:01:44 IST" duration-ms="29810">
    <groups>
    </groups>
    <test started-at="2024-07-20T20:01:14 IST" name="chromeTest" finished-at="2024-07-20T20:01:42 IST" duration-ms="27934">
      <class name="seleniumGrid.CrossBrowserTest">
        <test-method signature="parallelTest(java.lang.String)[pri:0, instance:seleniumGrid.CrossBrowserTest@6c1a5b54]" started-at="2024-07-20T20:01:14 IST" name="parallelTest" finished-at="2024-07-20T20:01:42 IST" duration-ms="27775" status="PASS">
          <params>
            <param index="0">
              <value>
                <![CDATA[chrome]]>
              </value>
            </param>
          </params>
          <reporter-output>
          </reporter-output>
        </test-method> <!-- parallelTest -->
      </class> <!-- seleniumGrid.CrossBrowserTest -->
    </test> <!-- chromeTest -->
    <test started-at="2024-07-20T20:01:14 IST" name="edgeTest" finished-at="2024-07-20T20:01:43 IST" duration-ms="28968">
      <class name="seleniumGrid.CrossBrowserTest">
        <test-method signature="parallelTest(java.lang.String)[pri:0, instance:seleniumGrid.CrossBrowserTest@196a42c3]" started-at="2024-07-20T20:01:14 IST" name="parallelTest" finished-at="2024-07-20T20:01:43 IST" duration-ms="28928" status="PASS">
          <params>
            <param index="0">
              <value>
                <![CDATA[edge]]>
              </value>
            </param>
          </params>
          <reporter-output>
          </reporter-output>
        </test-method> <!-- parallelTest -->
      </class> <!-- seleniumGrid.CrossBrowserTest -->
    </test> <!-- edgeTest -->
    <test started-at="2024-07-20T20:01:14 IST" name="FirefoxTest" finished-at="2024-07-20T20:01:44 IST" duration-ms="29810">
      <class name="seleniumGrid.CrossBrowserTest">
        <test-method signature="parallelTest(java.lang.String)[pri:0, instance:seleniumGrid.CrossBrowserTest@4a83a74a]" started-at="2024-07-20T20:01:14 IST" name="parallelTest" finished-at="2024-07-20T20:01:44 IST" duration-ms="29769" status="PASS">
          <params>
            <param index="0">
              <value>
                <![CDATA[firefox]]>
              </value>
            </param>
          </params>
          <reporter-output>
          </reporter-output>
        </test-method> <!-- parallelTest -->
      </class> <!-- seleniumGrid.CrossBrowserTest -->
    </test> <!-- FirefoxTest -->
  </suite> <!-- Suite -->
</testng-results>
