<?xml version="1.0" encoding="UTF-8"?>
<testng-results ignored="0" total="3" passed="3" failed="0" skipped="0">
  <reporter-output>
  </reporter-output>
  <suite started-at="2024-07-20T19:42:27 IST" name="Suite" finished-at="2024-07-20T19:42:57 IST" duration-ms="30804">
    <groups>
    </groups>
    <test started-at="2024-07-20T19:42:27 IST" name="chromeTest" finished-at="2024-07-20T19:42:55 IST" duration-ms="28682">
      <class name="seleniumGrid.CrossBrowserTest">
        <test-method signature="parallelTest(java.lang.String)[pri:0, instance:seleniumGrid.CrossBrowserTest@4c1909a3]" started-at="2024-07-20T19:42:27 IST" name="parallelTest" finished-at="2024-07-20T19:42:55 IST" duration-ms="28626" status="PASS">
          <params>
            <param index="0">
              <value>
                <![CDATA[chrome]]>
              </value>
            </param>
          </params>
          <reporter-output>
          </reporter-output>
        </test-method> <!-- parallelTest -->
      </class> <!-- seleniumGrid.CrossBrowserTest -->
    </test> <!-- chromeTest -->
    <test started-at="2024-07-20T19:42:27 IST" name="edgeTest" finished-at="2024-07-20T19:42:57 IST" duration-ms="30264">
      <class name="seleniumGrid.CrossBrowserTest">
        <test-method signature="parallelTest(java.lang.String)[pri:0, instance:seleniumGrid.CrossBrowserTest@15bb5034]" started-at="2024-07-20T19:42:27 IST" name="parallelTest" finished-at="2024-07-20T19:42:57 IST" duration-ms="30210" status="PASS">
          <params>
            <param index="0">
              <value>
                <![CDATA[edge]]>
              </value>
            </param>
          </params>
          <reporter-output>
          </reporter-output>
        </test-method> <!-- parallelTest -->
      </class> <!-- seleniumGrid.CrossBrowserTest -->
    </test> <!-- edgeTest -->
    <test started-at="2024-07-20T19:42:27 IST" name="FirefoxTest" finished-at="2024-07-20T19:42:57 IST" duration-ms="30804">
      <class name="seleniumGrid.CrossBrowserTest">
        <test-method signature="parallelTest(java.lang.String)[pri:0, instance:seleniumGrid.CrossBrowserTest@8f2ef19]" started-at="2024-07-20T19:42:27 IST" name="parallelTest" finished-at="2024-07-20T19:42:57 IST" duration-ms="30752" status="PASS">
          <params>
            <param index="0">
              <value>
                <![CDATA[firefox]]>
              </value>
            </param>
          </params>
          <reporter-output>
          </reporter-output>
        </test-method> <!-- parallelTest -->
      </class> <!-- seleniumGrid.CrossBrowserTest -->
    </test> <!-- FirefoxTest -->
  </suite> <!-- Suite -->
</testng-results>
